[2025-05-04 19:06:04] [INFO    ] discord_bot: Logged in as top and sub bot
[2025-05-04 19:06:04] [INFO    ] discord_bot: discord.py API version: 2.5.2
[2025-05-04 19:06:04] [INFO    ] discord_bot: Python version: 3.13.1
[2025-05-04 19:06:04] [INFO    ] discord_bot: Running on: Windows 11 (nt)
[2025-05-04 19:06:04] [INFO    ] discord_bot: -------------------
[2025-05-04 19:06:04] [INFO    ] discord_bot: Loaded extension 'fun'
[2025-05-04 19:06:04] [INFO    ] discord_bot: Loaded extension 'general'
[2025-05-04 19:06:04] [INFO    ] discord_bot: Loaded extension 'owner'
[2025-05-04 19:06:04] [INFO    ] discord_bot: Loaded extension 'UwU'
[2025-05-04 19:06:13] [INFO    ] discord_bot: Executed cat command in My website discord bot (ID: 1348438511673671741) by reallycreative (ID: 1025574755593625681)
[2025-05-04 19:06:15] [ERROR   ] discord_bot: Unhandled command error in 'Unknown Command': Command "femboy" is not found
NoneType: None
[2025-05-04 19:06:48] [ERROR   ] discord_bot: Unhandled command error in 'Unknown Command': Command "fembot" is not found
NoneType: None
[2025-05-04 19:06:57] [ERROR   ] discord_bot: Unhandled command error in 'Unknown Command': Command "fembot" is not found
NoneType: None
[2025-05-04 19:07:31] [INFO    ] discord_bot: Executed ping command in My website discord bot (ID: 1348438511673671741) by reallycreative (ID: 1025574755593625681)
[2025-05-04 19:07:34] [INFO    ] discord_bot: Executed rps command in My website discord bot (ID: 1348438511673671741) by reallycreative (ID: 1025574755593625681)
[2025-05-04 19:07:51] [INFO    ] discord_bot: Executed help command in My website discord bot (ID: 1348438511673671741) by reallycreative (ID: 1025574755593625681)
[2025-05-04 19:09:39] [INFO    ] discord_bot: Executed load command in My website discord bot (ID: 1348438511673671741) by reallycreative (ID: 1025574755593625681)
[2025-05-04 19:13:50] [INFO    ] discord_bot: Executed say command in My website discord bot (ID: 1348438511673671741) by reallycreative (ID: 1025574755593625681)
[2025-05-04 19:21:40] [INFO    ] discord_bot: Executed reloadall command in My website discord bot (ID: 1348438511673671741) by reallycreative (ID: 1025574755593625681)
[2025-05-04 19:23:16] [INFO    ] discord_bot: Executed reloadall command in My website discord bot (ID: 1348438511673671741) by reallycreative (ID: 1025574755593625681)
[2025-05-04 19:23:28] [INFO    ] discord_bot: Executed reloadall command in My website discord bot (ID: 1348438511673671741) by reallycreative (ID: 1025574755593625681)
[2025-05-04 19:23:43] [INFO    ] discord_bot: Executed reloadall command in My website discord bot (ID: 1348438511673671741) by reallycreative (ID: 1025574755593625681)
[2025-05-04 19:24:56] [INFO    ] discord_bot: Executed reloadall command in My website discord bot (ID: 1348438511673671741) by reallycreative (ID: 1025574755593625681)
[2025-05-04 19:25:02] [INFO    ] discord_bot: Executed help command in My website discord bot (ID: 1348438511673671741) by reallycreative (ID: 1025574755593625681)
[2025-05-04 19:25:08] [INFO    ] discord_bot: Executed sillykitty command in My website discord bot (ID: 1348438511673671741) by reallycreative (ID: 1025574755593625681)
[2025-05-04 19:25:42] [INFO    ] discord_bot: Executed reloadall command in My website discord bot (ID: 1348438511673671741) by reallycreative (ID: 1025574755593625681)
[2025-05-04 19:25:49] [INFO    ] discord_bot: Executed sillykitty command in My website discord bot (ID: 1348438511673671741) by reallycreative (ID: 1025574755593625681)
[2025-05-04 19:26:53] [INFO    ] discord_bot: Executed reloadall command in My website discord bot (ID: 1348438511673671741) by reallycreative (ID: 1025574755593625681)
[2025-05-04 19:27:01] [INFO    ] discord_bot: Executed sillykitty command in My website discord bot (ID: 1348438511673671741) by reallycreative (ID: 1025574755593625681)
[2025-05-04 19:27:29] [INFO    ] discord_bot: Executed reloadall command in My website discord bot (ID: 1348438511673671741) by reallycreative (ID: 1025574755593625681)
[2025-05-04 19:27:34] [INFO    ] discord_bot: Executed sillykitty command in My website discord bot (ID: 1348438511673671741) by reallycreative (ID: 1025574755593625681)
[2025-05-04 19:28:13] [INFO    ] discord_bot: Executed reloadall command in My website discord bot (ID: 1348438511673671741) by reallycreative (ID: 1025574755593625681)
[2025-05-04 19:28:48] [ERROR   ] discord_bot: Unhandled command error in 'Unknown Command': Command "femboy" is not found
NoneType: None
[2025-05-04 19:30:17] [ERROR   ] discord_bot: Unhandled command error in 'Unknown Command': Command "Femboy" is not found
NoneType: None
[2025-05-04 19:30:21] [INFO    ] discord_bot: Executed help command in My website discord bot (ID: 1348438511673671741) by reallycreative (ID: 1025574755593625681)
